<?xml version="1.0" encoding="UTF-8"?>
<!-- Generated by org.testng.reporters.JUnitXMLReporter -->
<testsuite ignored="0" hostname="LAPTOP-N0TAQN7C" failures="1" tests="1" name="Default test(failed)" time="0.725" errors="0" timestamp="2024-01-16T19:54:32 GMT-05:00">
  <testcase classname="io.cucumber.testng.AbstractTestNGCucumberTests" name="runScenario" time="0.23">
    <failure type="io.cucumber.testng.UndefinedStepException" message="The step &amp;apos;user is on the login Page&amp;apos; and 11 other step(s) are undefined.
You can implement these steps using the snippet(s) below:

@Given(&amp;quot;user is on the login Page&amp;quot;)
public void user_is_on_the_login_page() {
    // Write code here that turns the phrase above into concrete actions
    throw new io.cucumber.java.PendingException();
}
@When(&amp;quot;he enters username {string} and password&amp;quot;)
public void he_enters_username_and_password(String string) {
    // Write code here that turns the phrase above into concrete actions
    throw new io.cucumber.java.PendingException();
}
@When(&amp;quot;he clicks on the login button&amp;quot;)
public void he_clicks_on_the_login_button() {
    // Write code here that turns the phrase above into concrete actions
    throw new io.cucumber.java.PendingException();
}
@When(&amp;quot;he sees a list of products adds the first {int} products to the cart&amp;quot;)
public void he_sees_a_list_of_products_adds_the_first_products_to_the_cart(Integer int1) {
    // Write code here that turns the phrase above into concrete actions
    throw new io.cucumber.java.PendingException();
}
@When(&amp;quot;he clicks on the cart icon at the top right corner&amp;quot;)
public void he_clicks_on_the_cart_icon_at_the_top_right_corner() {
    // Write code here that turns the phrase above into concrete actions
    throw new io.cucumber.java.PendingException();
}
@When(&amp;quot;he licks on chekout button&amp;quot;)
public void he_licks_on_chekout_button() {
    // Write code here that turns the phrase above into concrete actions
    throw new io.cucumber.java.PendingException();
}
@When(&amp;quot;he enters firstname in firstname textbox&amp;quot;)
public void he_enters_firstname_in_firstname_textbox() {
    // Write code here that turns the phrase above into concrete actions
    throw new io.cucumber.java.PendingException();
}
@When(&amp;quot;he enters lastname in the lastname textbox&amp;quot;)
public void he_enters_lastname_in_the_lastname_textbox() {
    // Write code here that turns the phrase above into concrete actions
    throw new io.cucumber.java.PendingException();
}
@When(&amp;quot;he enters postal code in postal code textbox&amp;quot;)
public void he_enters_postal_code_in_postal_code_textbox() {
    // Write code here that turns the phrase above into concrete actions
    throw new io.cucumber.java.PendingException();
}
@When(&amp;quot;clicks on continue button&amp;quot;)
public void clicks_on_continue_button() {
    // Write code here that turns the phrase above into concrete actions
    throw new io.cucumber.java.PendingException();
}
@When(&amp;quot;he clicks on finish button&amp;quot;)
public void he_clicks_on_finish_button() {
    // Write code here that turns the phrase above into concrete actions
    throw new io.cucumber.java.PendingException();
}
@Then(&amp;quot;he mus see success message {string}&amp;quot;)
public void he_mus_see_success_message(String string) {
    // Write code here that turns the phrase above into concrete actions
    throw new io.cucumber.java.PendingException();
}
">
      <![CDATA[io.cucumber.testng.UndefinedStepException: The step 'user is on the login Page' and 11 other step(s) are undefined.
You can implement these steps using the snippet(s) below:

@Given("user is on the login Page")
public void user_is_on_the_login_page() {
    // Write code here that turns the phrase above into concrete actions
    throw new io.cucumber.java.PendingException();
}
@When("he enters username {string} and password")
public void he_enters_username_and_password(String string) {
    // Write code here that turns the phrase above into concrete actions
    throw new io.cucumber.java.PendingException();
}
@When("he clicks on the login button")
public void he_clicks_on_the_login_button() {
    // Write code here that turns the phrase above into concrete actions
    throw new io.cucumber.java.PendingException();
}
@When("he sees a list of products adds the first {int} products to the cart")
public void he_sees_a_list_of_products_adds_the_first_products_to_the_cart(Integer int1) {
    // Write code here that turns the phrase above into concrete actions
    throw new io.cucumber.java.PendingException();
}
@When("he clicks on the cart icon at the top right corner")
public void he_clicks_on_the_cart_icon_at_the_top_right_corner() {
    // Write code here that turns the phrase above into concrete actions
    throw new io.cucumber.java.PendingException();
}
@When("he licks on chekout button")
public void he_licks_on_chekout_button() {
    // Write code here that turns the phrase above into concrete actions
    throw new io.cucumber.java.PendingException();
}
@When("he enters firstname in firstname textbox")
public void he_enters_firstname_in_firstname_textbox() {
    // Write code here that turns the phrase above into concrete actions
    throw new io.cucumber.java.PendingException();
}
@When("he enters lastname in the lastname textbox")
public void he_enters_lastname_in_the_lastname_textbox() {
    // Write code here that turns the phrase above into concrete actions
    throw new io.cucumber.java.PendingException();
}
@When("he enters postal code in postal code textbox")
public void he_enters_postal_code_in_postal_code_textbox() {
    // Write code here that turns the phrase above into concrete actions
    throw new io.cucumber.java.PendingException();
}
@When("clicks on continue button")
public void clicks_on_continue_button() {
    // Write code here that turns the phrase above into concrete actions
    throw new io.cucumber.java.PendingException();
}
@When("he clicks on finish button")
public void he_clicks_on_finish_button() {
    // Write code here that turns the phrase above into concrete actions
    throw new io.cucumber.java.PendingException();
}
@Then("he mus see success message {string}")
public void he_mus_see_success_message(String string) {
    // Write code here that turns the phrase above into concrete actions
    throw new io.cucumber.java.PendingException();
}

at io.cucumber.core.runtime.TestCaseResultObserver.assertTestCasePassed(TestCaseResultObserver.java:69)
at io.cucumber.testng.TestCaseResultObserver.assertTestCasePassed(TestCaseResultObserver.java:23)
at io.cucumber.testng.TestNGCucumberRunner.lambda$runScenario$1(TestNGCucumberRunner.java:133)
at io.cucumber.core.runtime.CucumberExecutionContext.lambda$runTestCase$3(CucumberExecutionContext.java:110)
at io.cucumber.core.runtime.RethrowingThrowableCollector.executeAndThrow(RethrowingThrowableCollector.java:23)
at io.cucumber.core.runtime.CucumberExecutionContext.runTestCase(CucumberExecutionContext.java:110)
at io.cucumber.testng.TestNGCucumberRunner.runScenario(TestNGCucumberRunner.java:129)
at io.cucumber.testng.AbstractTestNGCucumberTests.runScenario(AbstractTestNGCucumberTests.java:35)
at java.base/java.util.ArrayList.forEach(ArrayList.java:1511)
... Removed 25 stack frames]]>
    </failure>
  </testcase> <!-- runScenario -->
</testsuite> <!-- Default test(failed) -->
