<?xml version="1.0" encoding="UTF-8"?>
<testng-results ignored="0" total="5" passed="5" failed="0" skipped="0">
  <reporter-output>
  </reporter-output>
  <suite started-at="2024-01-21T22:36:22 GMT-05:00" name="Default suite" finished-at="2024-01-21T22:36:47 GMT-05:00" duration-ms="25259">
    <groups>
      <group name="cucumber">
        <method signature="AbstractTestNGCucumberTests.runScenario(io.cucumber.testng.PickleWrapper,io.cucumber.testng.FeatureWrapper)[pri:0, instance:sauce.scenarios.testscripts.TestRunner@242b836]" name="runScenario" class="io.cucumber.testng.AbstractTestNGCucumberTests"/>
      </group> <!-- cucumber -->
    </groups>
    <test started-at="2024-01-21T22:36:22 GMT-05:00" name="Default test" finished-at="2024-01-21T22:36:47 GMT-05:00" duration-ms="25259">
      <class name="sauce.scenarios.testscripts.TestRunner">
        <test-method is-config="true" signature="setUpClass(org.testng.ITestContext)[pri:0, instance:sauce.scenarios.testscripts.TestRunner@242b836]" started-at="2024-01-21T22:36:22 GMT-05:00" name="setUpClass" finished-at="2024-01-21T22:36:23 GMT-05:00" duration-ms="978" status="PASS">
          <params>
            <param index="0">
              <value>
                <![CDATA[org.testng.TestRunner@e91af20]]>
              </value>
            </param>
          </params>
          <reporter-output>
          </reporter-output>
        </test-method> <!-- setUpClass -->
        <test-method signature="runScenario(io.cucumber.testng.PickleWrapper,io.cucumber.testng.FeatureWrapper)[pri:0, instance:sauce.scenarios.testscripts.TestRunner@242b836]" started-at="2024-01-21T22:36:23 GMT-05:00" name="runScenario" description="Runs Cucumber Scenarios" data-provider="scenarios" finished-at="2024-01-21T22:36:29 GMT-05:00" duration-ms="6041" status="PASS">
          <params>
            <param index="0">
              <value>
                <![CDATA["A user with valid credentials verifies cart items and should see success message while logging in"]]>
              </value>
            </param>
            <param index="1">
              <value>
                <![CDATA["Optional[Login functionality and add to cart items]"]]>
              </value>
            </param>
          </params>
          <reporter-output>
          </reporter-output>
        </test-method> <!-- runScenario -->
        <test-method signature="runScenario(io.cucumber.testng.PickleWrapper,io.cucumber.testng.FeatureWrapper)[pri:0, instance:sauce.scenarios.testscripts.TestRunner@242b836]" started-at="2024-01-21T22:36:29 GMT-05:00" name="runScenario" description="Runs Cucumber Scenarios" data-provider="scenarios" finished-at="2024-01-21T22:36:34 GMT-05:00" duration-ms="4844" status="PASS">
          <params>
            <param index="0">
              <value>
                <![CDATA["A user with valid credentils verifies Your Cart text,selected items in cart and should see Success message while logging in"]]>
              </value>
            </param>
            <param index="1">
              <value>
                <![CDATA["Optional[Login functionality and adding items to the cart]"]]>
              </value>
            </param>
          </params>
          <reporter-output>
          </reporter-output>
        </test-method> <!-- runScenario -->
        <test-method signature="runScenario(io.cucumber.testng.PickleWrapper,io.cucumber.testng.FeatureWrapper)[pri:0, instance:sauce.scenarios.testscripts.TestRunner@242b836]" started-at="2024-01-21T22:36:34 GMT-05:00" name="runScenario" description="Runs Cucumber Scenarios" data-provider="scenarios" finished-at="2024-01-21T22:36:38 GMT-05:00" duration-ms="3936" status="PASS">
          <params>
            <param index="0">
              <value>
                <![CDATA["A user with valid credentials shuold see a success message while adding two products and logging in"]]>
              </value>
            </param>
            <param index="1">
              <value>
                <![CDATA["Optional[Login fanctionality]"]]>
              </value>
            </param>
          </params>
          <reporter-output>
          </reporter-output>
        </test-method> <!-- runScenario -->
        <test-method signature="runScenario(io.cucumber.testng.PickleWrapper,io.cucumber.testng.FeatureWrapper)[pri:0, instance:sauce.scenarios.testscripts.TestRunner@242b836]" started-at="2024-01-21T22:36:38 GMT-05:00" name="runScenario" description="Runs Cucumber Scenarios" data-provider="scenarios" finished-at="2024-01-21T22:36:41 GMT-05:00" duration-ms="2850" status="PASS">
          <params>
            <param index="0">
              <value>
                <![CDATA["A user with invalid credentials should see an error Message while logging in"]]>
              </value>
            </param>
            <param index="1">
              <value>
                <![CDATA["Optional[Login functionality]"]]>
              </value>
            </param>
          </params>
          <reporter-output>
          </reporter-output>
        </test-method> <!-- runScenario -->
        <test-method signature="runScenario(io.cucumber.testng.PickleWrapper,io.cucumber.testng.FeatureWrapper)[pri:0, instance:sauce.scenarios.testscripts.TestRunner@242b836]" started-at="2024-01-21T22:36:41 GMT-05:00" name="runScenario" description="Runs Cucumber Scenarios" data-provider="scenarios" finished-at="2024-01-21T22:36:44 GMT-05:00" duration-ms="3707" status="PASS">
          <params>
            <param index="0">
              <value>
                <![CDATA["A user with credentials should see an error message while logging in and adding product to the cart"]]>
              </value>
            </param>
            <param index="1">
              <value>
                <![CDATA["Optional[Login functionality]"]]>
              </value>
            </param>
          </params>
          <reporter-output>
          </reporter-output>
        </test-method> <!-- runScenario -->
        <test-method is-config="true" signature="tearDownClass()[pri:0, instance:sauce.scenarios.testscripts.TestRunner@242b836]" started-at="2024-01-21T22:36:44 GMT-05:00" name="tearDownClass" finished-at="2024-01-21T22:36:47 GMT-05:00" duration-ms="2829" status="PASS">
          <reporter-output>
          </reporter-output>
        </test-method> <!-- tearDownClass -->
      </class> <!-- sauce.scenarios.testscripts.TestRunner -->
    </test> <!-- Default test -->
  </suite> <!-- Default suite -->
</testng-results>
